<?xml version="1.0" encoding="UTF-8"?>
<!-- Generated by org.testng.reporters.JUnitReportReporter -->
<testsuite skipped="0" hostname="Naved" name="com.RestAssured.API.TestRailAPI" tests="5" failures="0" timestamp="01 Nov 2017 21:44:49 GMT" time="11.156" errors="0">
  <testcase name="addProject" time="3.303" classname="com.RestAssured.API.TestRailAPI"/>
  <testcase name="getAllProject" time="2.436" classname="com.RestAssured.API.TestRailAPI"/>
  <testcase name="addSuite" time="2.379" classname="com.RestAssured.API.TestRailAPI"/>
  <testcase name="deleteProject" time="1.520" classname="com.RestAssured.API.TestRailAPI"/>
  <testcase name="getUnknownProject" time="1.518" classname="com.RestAssured.API.TestRailAPI"/>
</testsuite> <!-- com.RestAssured.API.TestRailAPI -->
