<?xml version="1.0" encoding="UTF-8"?>
<!-- Generated by org.testng.reporters.JUnitReportReporter -->
<testsuite skipped="0" hostname="360NDCLP018-PC" name="com.RestAssured.API.TestRailAPI" tests="2" failures="0" timestamp="09 Nov 2017 11:32:08 GMT" time="6.762" errors="0">
  <testcase name="addSuite" time="5.118" classname="com.RestAssured.API.TestRailAPI"/>
  <testcase name="addSection" time="1.644" classname="com.RestAssured.API.TestRailAPI"/>
</testsuite> <!-- com.RestAssured.API.TestRailAPI -->
