<?xml version="1.0" encoding="UTF-8"?>
<!-- Generated by org.testng.reporters.JUnitReportReporter -->
<testsuite skipped="0" hostname="360NDCLP018-PC" name="com.RestAssured.API.APITesting" tests="1" failures="0" timestamp="01 Nov 2017 10:41:41 GMT" time="2.270" errors="0">
  <testcase name="apiTest_05" time="2.270" classname="com.RestAssured.API.APITesting"/>
</testsuite> <!-- com.RestAssured.API.APITesting -->
