<?xml version="1.0" encoding="UTF-8"?>
<!-- Generated by org.testng.reporters.JUnitReportReporter -->
<testsuite skipped="0" hostname="360NDCLP018-PC" name="com.RestAssured.Framework.APITesting" tests="2" failures="0" timestamp="01 Nov 2017 09:22:44 GMT" time="2.697" errors="0">
  <testcase name="apiTest_01" time="2.607" classname="com.RestAssured.Framework.APITesting"/>
  <testcase name="apiTest_02" time="0.090" classname="com.RestAssured.Framework.APITesting"/>
</testsuite> <!-- com.RestAssured.Framework.APITesting -->
